<?xml version="1.0" encoding="UTF-8"?>
<!-- Generated by org.testng.reporters.JUnitXMLReporter -->
<testsuite ignored="5" hostname="DESKTOP-09J73A0" failures="0" tests="1" name="Default test" time="16.075" errors="0" timestamp="2023-07-31T13:32:58 IST">
  <testcase classname="com.sevenmart.tests.ManageDeliveryBoyTest" name="verify_ResultNotFoundForNonExistingDeliveryBoy" time="4.87"/>
  <testcase classname="com.sevenmart.tests.ManageDeliveryBoyTest" name="verify_CreateNewDeliveryBoys" time="0.0">
    <ignored/>
  </testcase> <!-- verify_CreateNewDeliveryBoys -->
  <testcase classname="com.sevenmart.tests.ManageDeliveryBoyTest" name="verify_CreateNewDeliveryBoy" time="0.0">
    <ignored/>
  </testcase> <!-- verify_CreateNewDeliveryBoy -->
  <testcase classname="com.sevenmart.tests.ManageDeliveryBoyTest" name="verify_AlreadyExistingUserNameAlertTest" time="0.0">
    <ignored/>
  </testcase> <!-- verify_AlreadyExistingUserNameAlertTest -->
  <testcase classname="com.sevenmart.tests.ManageDeliveryBoyTest" name="verify_HitOnManageDeliveryBoyPage" time="0.0">
    <ignored/>
  </testcase> <!-- verify_HitOnManageDeliveryBoyPage -->
  <testcase classname="com.sevenmart.tests.ManageDeliveryBoyTest" name="verify_SearchingExistingDeliveryBoy" time="0.0">
    <ignored/>
  </testcase> <!-- verify_SearchingExistingDeliveryBoy -->
</testsuite> <!-- Default test -->
