<?xml version="1.0" encoding="UTF-8"?>
<testng-results ignored="5" total="6" passed="1" failed="0" skipped="0">
  <reporter-output>
  </reporter-output>
  <suite started-at="2023-07-31T13:32:42 IST" name="Default suite" finished-at="2023-07-31T13:32:58 IST" duration-ms="16075">
    <groups>
    </groups>
    <test started-at="2023-07-31T13:32:42 IST" name="Default test" finished-at="2023-07-31T13:32:58 IST" duration-ms="16075">
      <class name="com.sevenmart.tests.ManageDeliveryBoyTest">
        <test-method is-config="true" signature="launchBrowser()[pri:0, instance:com.sevenmart.tests.ManageDeliveryBoyTest@2aceadd4]" started-at="2023-07-31T13:32:42 IST" name="launchBrowser" finished-at="2023-07-31T13:32:53 IST" duration-ms="11000" status="PASS">
          <reporter-output>
          </reporter-output>
        </test-method> <!-- launchBrowser -->
        <test-method signature="verify_ResultNotFoundForNonExistingDeliveryBoy(java.lang.String,java.lang.String)[pri:0, instance:com.sevenmart.tests.ManageDeliveryBoyTest@2aceadd4]" started-at="2023-07-31T13:32:53 IST" name="verify_ResultNotFoundForNonExistingDeliveryBoy" data-provider="NonExistingDeliveryBoyNameAndEmail" finished-at="2023-07-31T13:32:58 IST" duration-ms="4870" status="PASS">
          <params>
            <param index="0">
              <value>
                <![CDATA[hello]]>
              </value>
            </param>
            <param index="1">
              <value>
                <![CDATA[hello@gmail.com]]>
              </value>
            </param>
          </params>
          <reporter-output>
          </reporter-output>
        </test-method> <!-- verify_ResultNotFoundForNonExistingDeliveryBoy -->
        <test-method is-config="true" signature="terminateSession(org.testng.ITestResult)[pri:0, instance:com.sevenmart.tests.ManageDeliveryBoyTest@2aceadd4]" started-at="2023-07-31T13:32:58 IST" name="terminateSession" finished-at="2023-07-31T13:32:58 IST" duration-ms="7" status="PASS">
          <params>
            <param index="0">
              <value>
                <![CDATA[[TestResult name=verify_ResultNotFoundForNonExistingDeliveryBoy status=SUCCESS method=ManageDeliveryBoyTest.verify_ResultNotFoundForNonExistingDeliveryBoy(java.lang.String,java.lang.String)[pri:0, instance:com.sevenmart.tests.ManageDeliveryBoyTest@2aceadd4] output={null}]]]>
              </value>
            </param>
          </params>
          <reporter-output>
          </reporter-output>
        </test-method> <!-- terminateSession -->
      </class> <!-- com.sevenmart.tests.ManageDeliveryBoyTest -->
    </test> <!-- Default test -->
  </suite> <!-- Default suite -->
</testng-results>
